2012.04.11. 14:21:07 org.apache.solr.core.SolrResourceLoader locateSolrHome
INFO: JNDI not configured for solr (NoInitialContextEx)
2012.04.11. 14:21:07 org.apache.solr.core.SolrResourceLoader locateSolrHome
INFO: using system property solr.solr.home: /Users/soda01/Sites/madearthome/solr
2012.04.11. 14:21:07 org.apache.solr.core.SolrResourceLoader <init>
INFO: Solr home set to '/Users/soda01/Sites/madearthome/solr/'
2012.04.11. 14:21:07 org.apache.solr.servlet.SolrDispatchFilter init
INFO: SolrDispatchFilter.init()
2012.04.11. 14:21:07 org.apache.solr.core.SolrResourceLoader locateSolrHome
INFO: JNDI not configured for solr (NoInitialContextEx)
2012.04.11. 14:21:07 org.apache.solr.core.SolrResourceLoader locateSolrHome
INFO: using system property solr.solr.home: /Users/soda01/Sites/madearthome/solr
2012.04.11. 14:21:07 org.apache.solr.core.CoreContainer$Initializer initialize
INFO: looking for solr.xml: /Users/soda01/Sites/madearthome/solr/solr.xml
2012.04.11. 14:21:07 org.apache.solr.core.SolrResourceLoader <init>
INFO: Solr home set to '/Users/soda01/Sites/madearthome/solr/'
2012.04.11. 14:21:07 org.apache.solr.core.SolrConfig initLibs
INFO: Adding specified lib dirs to ClassLoader
2012.04.11. 14:21:08 org.apache.solr.core.SolrConfig <init>
INFO: Loaded SolrConfig: solrconfig.xml
2012.04.11. 14:21:08 org.apache.solr.core.SolrCore <init>
INFO: Opening new SolrCore at /Users/soda01/Sites/madearthome/solr/, dataDir=/Users/soda01/Sites/madearthome/solr/data/development/
2012.04.11. 14:21:08 org.apache.solr.schema.IndexSchema readSchema
INFO: Reading Solr Schema
2012.04.11. 14:21:08 org.apache.solr.schema.IndexSchema readSchema
INFO: Schema name=sunspot
2012.04.11. 14:21:08 org.apache.solr.util.plugin.AbstractPluginLoader load
INFO: created string: org.apache.solr.schema.StrField
2012.04.11. 14:21:08 org.apache.solr.util.plugin.AbstractPluginLoader load
INFO: created tdouble: org.apache.solr.schema.TrieDoubleField
2012.04.11. 14:21:08 org.apache.solr.util.plugin.AbstractPluginLoader load
INFO: created rand: org.apache.solr.schema.RandomSortField
2012.04.11. 14:21:08 org.apache.solr.util.plugin.AbstractPluginLoader load
INFO: created null: org.apache.solr.analysis.StandardTokenizerFactory
2012.04.11. 14:21:08 org.apache.solr.util.plugin.AbstractPluginLoader load
INFO: created null: org.apache.solr.analysis.StandardFilterFactory
2012.04.11. 14:21:08 org.apache.solr.util.plugin.AbstractPluginLoader load
INFO: created null: org.apache.solr.analysis.LowerCaseFilterFactory
2012.04.11. 14:21:08 org.apache.solr.util.plugin.AbstractPluginLoader load
INFO: created text: org.apache.solr.schema.TextField
2012.04.11. 14:21:08 org.apache.solr.util.plugin.AbstractPluginLoader load
INFO: created boolean: org.apache.solr.schema.BoolField
2012.04.11. 14:21:08 org.apache.solr.util.plugin.AbstractPluginLoader load
INFO: created date: org.apache.solr.schema.DateField
2012.04.11. 14:21:08 org.apache.solr.util.plugin.AbstractPluginLoader load
INFO: created sdouble: org.apache.solr.schema.SortableDoubleField
2012.04.11. 14:21:08 org.apache.solr.util.plugin.AbstractPluginLoader load
INFO: created sfloat: org.apache.solr.schema.SortableFloatField
2012.04.11. 14:21:08 org.apache.solr.util.plugin.AbstractPluginLoader load
INFO: created sint: org.apache.solr.schema.SortableIntField
2012.04.11. 14:21:08 org.apache.solr.util.plugin.AbstractPluginLoader load
INFO: created slong: org.apache.solr.schema.SortableLongField
2012.04.11. 14:21:08 org.apache.solr.util.plugin.AbstractPluginLoader load
INFO: created tint: org.apache.solr.schema.TrieIntField
2012.04.11. 14:21:08 org.apache.solr.util.plugin.AbstractPluginLoader load
INFO: created tfloat: org.apache.solr.schema.TrieFloatField
2012.04.11. 14:21:08 org.apache.solr.util.plugin.AbstractPluginLoader load
INFO: created tdate: org.apache.solr.schema.TrieDateField
2012.04.11. 14:21:08 org.apache.solr.schema.IndexSchema readSchema
INFO: default search field is text
2012.04.11. 14:21:08 org.apache.solr.schema.IndexSchema readSchema
INFO: query parser default operator is AND
2012.04.11. 14:21:08 org.apache.solr.schema.IndexSchema readSchema
INFO: unique key field: id
2012.04.11. 14:21:08 org.apache.solr.core.JmxMonitoredMap <init>
INFO: No JMX servers found, not exposing Solr information with JMX.
2012.04.11. 14:21:08 org.apache.solr.core.SolrCore initListeners
INFO: Added SolrEventListener: org.apache.solr.core.QuerySenderListener{queries=[]}
2012.04.11. 14:21:08 org.apache.solr.core.SolrCore initListeners
INFO: Added SolrEventListener: org.apache.solr.core.QuerySenderListener{queries=[{q=solr rocks,start=0,rows=10}, {q=static firstSearcher warming query from solrconfig.xml}]}
2012.04.11. 14:21:08 org.apache.solr.request.XSLTResponseWriter init
INFO: xsltCacheLifetimeSeconds=5
2012.04.11. 14:21:08 org.apache.solr.core.RequestHandlers initHandlersFromConfig
INFO: created standard: solr.SearchHandler
2012.04.11. 14:21:08 org.apache.solr.core.RequestHandlers initHandlersFromConfig
INFO: created dismax: solr.SearchHandler
2012.04.11. 14:21:08 org.apache.solr.core.RequestHandlers initHandlersFromConfig
INFO: created partitioned: solr.SearchHandler
2012.04.11. 14:21:08 org.apache.solr.core.RequestHandlers initHandlersFromConfig
INFO: created /spell: solr.SearchHandler
2012.04.11. 14:21:08 org.apache.solr.core.RequestHandlers initHandlersFromConfig
INFO: created tvrh: org.apache.solr.handler.component.SearchHandler
2012.04.11. 14:21:08 org.apache.solr.core.RequestHandlers initHandlersFromConfig
INFO: adding lazy requestHandler: org.apache.solr.handler.extraction.ExtractingRequestHandler
2012.04.11. 14:21:08 org.apache.solr.core.RequestHandlers initHandlersFromConfig
INFO: created /update/extract: org.apache.solr.handler.extraction.ExtractingRequestHandler
2012.04.11. 14:21:08 org.apache.solr.core.RequestHandlers initHandlersFromConfig
INFO: created /terms: org.apache.solr.handler.component.SearchHandler
2012.04.11. 14:21:08 org.apache.solr.core.RequestHandlers initHandlersFromConfig
INFO: adding lazy requestHandler: solr.SearchHandler
2012.04.11. 14:21:08 org.apache.solr.core.RequestHandlers initHandlersFromConfig
INFO: created /elevate: solr.SearchHandler
2012.04.11. 14:21:08 org.apache.solr.core.RequestHandlers initHandlersFromConfig
INFO: created /update: solr.XmlUpdateRequestHandler
2012.04.11. 14:21:08 org.apache.solr.core.RequestHandlers initHandlersFromConfig
INFO: created /update/javabin: solr.BinaryUpdateRequestHandler
2012.04.11. 14:21:08 org.apache.solr.core.RequestHandlers initHandlersFromConfig
INFO: created /analysis/document: solr.DocumentAnalysisRequestHandler
2012.04.11. 14:21:08 org.apache.solr.core.RequestHandlers initHandlersFromConfig
INFO: created /analysis/field: solr.FieldAnalysisRequestHandler
2012.04.11. 14:21:08 org.apache.solr.core.RequestHandlers initHandlersFromConfig
INFO: adding lazy requestHandler: solr.CSVRequestHandler
2012.04.11. 14:21:08 org.apache.solr.core.RequestHandlers initHandlersFromConfig
INFO: created /update/csv: solr.CSVRequestHandler
2012.04.11. 14:21:08 org.apache.solr.core.RequestHandlers initHandlersFromConfig
INFO: created /admin/: org.apache.solr.handler.admin.AdminHandlers
2012.04.11. 14:21:08 org.apache.solr.core.RequestHandlers initHandlersFromConfig
INFO: created /admin/ping: PingRequestHandler
2012.04.11. 14:21:08 org.apache.solr.core.RequestHandlers initHandlersFromConfig
INFO: created /debug/dump: solr.DumpRequestHandler
2012.04.11. 14:21:08 org.apache.solr.core.RequestHandlers initHandlersFromConfig
INFO: created /mlt: solr.MoreLikeThisHandler
2012.04.11. 14:21:08 org.apache.solr.search.SolrIndexSearcher <init>
INFO: Opening Searcher@1e1ec86 main
2012.04.11. 14:21:08 org.apache.solr.update.DirectUpdateHandler2$CommitTracker <init>
INFO: AutoCommit: disabled
2012.04.11. 14:21:08 org.apache.solr.handler.component.SpellCheckComponent inform
INFO: Initializing spell checkers
2012.04.11. 14:21:08 org.apache.solr.spelling.AbstractLuceneSpellChecker init
INFO: Using WhitespaceAnalzyer for dictionary: default
2012.04.11. 14:21:08 org.apache.solr.handler.component.SpellCheckComponent inform
WARNING: No queryConverter defined, using default converter
2012.04.11. 14:21:08 org.apache.solr.handler.component.QueryElevationComponent inform
INFO: Loading QueryElevation from: /Users/soda01/Sites/madearthome/solr/conf/elevate.xml
2012.04.11. 14:21:08 org.apache.solr.handler.component.SearchHandler inform
INFO: Adding  component:org.apache.solr.handler.component.QueryComponent@d71194d
2012.04.11. 14:21:08 org.apache.solr.handler.component.SearchHandler inform
INFO: Adding  component:org.apache.solr.handler.component.FacetComponent@7c34151f
2012.04.11. 14:21:08 org.apache.solr.handler.component.SearchHandler inform
INFO: Adding  component:org.apache.solr.handler.component.MoreLikeThisComponent@3f56e5ed
2012.04.11. 14:21:08 org.apache.solr.handler.component.SearchHandler inform
INFO: Adding  component:org.apache.solr.handler.component.HighlightComponent@62114b17
2012.04.11. 14:21:08 org.apache.solr.handler.component.SearchHandler inform
INFO: Adding  component:org.apache.solr.handler.component.StatsComponent@5d59054d
2012.04.11. 14:21:08 org.apache.solr.handler.component.SearchHandler inform
INFO: Adding  debug component:org.apache.solr.handler.component.DebugComponent@7f6b321b
2012.04.11. 14:21:08 org.apache.solr.handler.component.SearchHandler inform
INFO: Adding  component:org.apache.solr.handler.component.QueryComponent@d71194d
2012.04.11. 14:21:08 org.apache.solr.handler.component.SearchHandler inform
INFO: Adding  component:org.apache.solr.handler.component.FacetComponent@7c34151f
2012.04.11. 14:21:08 org.apache.solr.handler.component.SearchHandler inform
INFO: Adding  component:org.apache.solr.handler.component.MoreLikeThisComponent@3f56e5ed
2012.04.11. 14:21:08 org.apache.solr.handler.component.SearchHandler inform
INFO: Adding  component:org.apache.solr.handler.component.HighlightComponent@62114b17
2012.04.11. 14:21:08 org.apache.solr.handler.component.SearchHandler inform
INFO: Adding  component:org.apache.solr.handler.component.StatsComponent@5d59054d
2012.04.11. 14:21:08 org.apache.solr.handler.component.SearchHandler inform
INFO: Adding  debug component:org.apache.solr.handler.component.DebugComponent@7f6b321b
2012.04.11. 14:21:08 org.apache.solr.handler.component.SearchHandler inform
INFO: Adding  component:org.apache.solr.handler.component.QueryComponent@d71194d
2012.04.11. 14:21:08 org.apache.solr.handler.component.SearchHandler inform
INFO: Adding  component:org.apache.solr.handler.component.FacetComponent@7c34151f
2012.04.11. 14:21:08 org.apache.solr.handler.component.SearchHandler inform
INFO: Adding  component:org.apache.solr.handler.component.MoreLikeThisComponent@3f56e5ed
2012.04.11. 14:21:08 org.apache.solr.handler.component.SearchHandler inform
INFO: Adding  component:org.apache.solr.handler.component.HighlightComponent@62114b17
2012.04.11. 14:21:08 org.apache.solr.handler.component.SearchHandler inform
INFO: Adding  component:org.apache.solr.handler.component.StatsComponent@5d59054d
2012.04.11. 14:21:08 org.apache.solr.handler.component.SearchHandler inform
INFO: Adding  debug component:org.apache.solr.handler.component.DebugComponent@7f6b321b
2012.04.11. 14:21:08 org.apache.solr.handler.component.SearchHandler inform
INFO: Adding  component:org.apache.solr.handler.component.QueryComponent@d71194d
2012.04.11. 14:21:08 org.apache.solr.handler.component.SearchHandler inform
INFO: Adding  component:org.apache.solr.handler.component.FacetComponent@7c34151f
2012.04.11. 14:21:08 org.apache.solr.handler.component.SearchHandler inform
INFO: Adding  component:org.apache.solr.handler.component.MoreLikeThisComponent@3f56e5ed
2012.04.11. 14:21:08 org.apache.solr.handler.component.SearchHandler inform
INFO: Adding  component:org.apache.solr.handler.component.HighlightComponent@62114b17
2012.04.11. 14:21:08 org.apache.solr.handler.component.SearchHandler inform
INFO: Adding  component:org.apache.solr.handler.component.StatsComponent@5d59054d
2012.04.11. 14:21:08 org.apache.solr.handler.component.SearchHandler inform
INFO: Adding  component:org.apache.solr.handler.component.SpellCheckComponent@56a6cbf7
2012.04.11. 14:21:08 org.apache.solr.handler.component.SearchHandler inform
INFO: Adding  debug component:org.apache.solr.handler.component.DebugComponent@7f6b321b
2012.04.11. 14:21:08 org.apache.solr.handler.component.SearchHandler inform
INFO: Adding  component:org.apache.solr.handler.component.QueryComponent@d71194d
2012.04.11. 14:21:08 org.apache.solr.handler.component.SearchHandler inform
INFO: Adding  component:org.apache.solr.handler.component.FacetComponent@7c34151f
2012.04.11. 14:21:08 org.apache.solr.handler.component.SearchHandler inform
INFO: Adding  component:org.apache.solr.handler.component.MoreLikeThisComponent@3f56e5ed
2012.04.11. 14:21:08 org.apache.solr.handler.component.SearchHandler inform
INFO: Adding  component:org.apache.solr.handler.component.HighlightComponent@62114b17
2012.04.11. 14:21:08 org.apache.solr.handler.component.SearchHandler inform
INFO: Adding  component:org.apache.solr.handler.component.StatsComponent@5d59054d
2012.04.11. 14:21:08 org.apache.solr.handler.component.SearchHandler inform
INFO: Adding  component:org.apache.solr.handler.component.TermVectorComponent@6098f192
2012.04.11. 14:21:08 org.apache.solr.handler.component.SearchHandler inform
INFO: Adding  debug component:org.apache.solr.handler.component.DebugComponent@7f6b321b
2012.04.11. 14:21:08 org.apache.solr.handler.component.SearchHandler inform
INFO: Adding  component:org.apache.solr.handler.component.TermsComponent@591bd9c9
2012.04.11. 14:21:08 org.apache.solr.core.QuerySenderListener newSearcher
INFO: QuerySenderListener sending requests to Searcher@1e1ec86 main
2012.04.11. 14:21:08 org.apache.solr.core.CoreContainer register
INFO: registering core: 
2012.04.11. 14:21:08 org.apache.solr.servlet.SolrDispatchFilter init
INFO: user.dir=/Users/soda01/.rvm/gems/ruby-1.9.2-p290/gems/sunspot_solr-1.3.0/solr
2012.04.11. 14:21:08 org.apache.solr.servlet.SolrDispatchFilter init
INFO: SolrDispatchFilter.init() done
2012.04.11. 14:21:08 org.apache.solr.core.SolrCore execute
INFO: [] webapp=null path=null params={start=0&event=firstSearcher&q=solr+rocks&rows=10} hits=0 status=0 QTime=36 
2012.04.11. 14:21:08 org.apache.solr.core.SolrCore execute
INFO: [] webapp=null path=null params={event=firstSearcher&q=static+firstSearcher+warming+query+from+solrconfig.xml} hits=0 status=0 QTime=1 
2012.04.11. 14:21:08 org.apache.solr.core.QuerySenderListener newSearcher
INFO: QuerySenderListener done.
2012.04.11. 14:21:08 org.apache.solr.handler.component.SpellCheckComponent$SpellCheckerListener newSearcher
INFO: Loading spell index for spellchecker: default
2012.04.11. 14:21:08 org.apache.solr.core.SolrCore registerSearcher
INFO: [] Registered new searcher Searcher@1e1ec86 main
2012.04.11. 14:21:09 org.apache.solr.servlet.SolrServlet init
INFO: SolrServlet.init()
2012.04.11. 14:21:09 org.apache.solr.core.SolrResourceLoader locateSolrHome
INFO: JNDI not configured for solr (NoInitialContextEx)
2012.04.11. 14:21:09 org.apache.solr.core.SolrResourceLoader locateSolrHome
INFO: using system property solr.solr.home: /Users/soda01/Sites/madearthome/solr
2012.04.11. 14:21:09 org.apache.solr.servlet.SolrServlet init
INFO: SolrServlet.init() done
2012.04.11. 14:21:09 org.apache.solr.core.SolrResourceLoader locateSolrHome
INFO: JNDI not configured for solr (NoInitialContextEx)
2012.04.11. 14:21:09 org.apache.solr.core.SolrResourceLoader locateSolrHome
INFO: using system property solr.solr.home: /Users/soda01/Sites/madearthome/solr
2012.04.11. 14:21:09 org.apache.solr.servlet.SolrUpdateServlet init
INFO: SolrUpdateServlet.init() done
2012.04.11. 14:26:32 org.apache.solr.core.SolrCore execute
INFO: [] webapp=/solr path=/select params={wt=ruby&start=0&fq=type:Product&q=*:*&rows=30} hits=1 status=0 QTime=66 
2012.04.11. 14:26:35 org.apache.solr.core.SolrCore execute
INFO: [] webapp=/solr path=/select params={wt=ruby&start=0&fq=type:Product&q=*:*&rows=30} hits=1 status=0 QTime=0 
2012.04.11. 14:29:29 org.apache.solr.core.SolrCore execute
INFO: [] webapp=/solr path=/select params={wt=ruby&start=0&fq=type:Product&q=*:*&rows=30} hits=1 status=0 QTime=1 
2012.04.11. 14:29:31 org.apache.solr.core.SolrCore execute
INFO: [] webapp=/solr path=/select params={wt=ruby&start=0&fq=type:Product&q=*:*&rows=30} hits=1 status=0 QTime=0 
2012.04.11. 14:30:40 org.apache.solr.core.SolrCore execute
INFO: [] webapp=/solr path=/select params={wt=ruby&start=0&fq=type:Product&q=*:*&rows=30} hits=1 status=0 QTime=1 
2012.04.11. 14:30:42 org.apache.solr.core.SolrCore execute
INFO: [] webapp=/solr path=/select params={wt=ruby&start=0&fq=type:Product&q=*:*&rows=30} hits=1 status=0 QTime=0 
2012.04.11. 14:31:09 org.apache.solr.core.SolrCore execute
INFO: [] webapp=/solr path=/select params={wt=ruby&start=0&fq=type:Product&q=*:*&rows=30} hits=1 status=0 QTime=1 
2012.04.11. 14:31:11 org.apache.solr.core.SolrCore execute
INFO: [] webapp=/solr path=/select params={wt=ruby&start=0&fq=type:Product&q=*:*&rows=30} hits=1 status=0 QTime=0 
2012.04.11. 14:32:50 org.apache.solr.core.SolrCore execute
INFO: [] webapp=/solr path=/select params={wt=ruby&start=0&fq=type:Product&q=*:*&rows=30} hits=1 status=0 QTime=0 
2012.04.11. 14:33:18 org.apache.solr.core.SolrCore execute
INFO: [] webapp=/solr path=/select params={wt=ruby&start=0&fq=type:Product&q=*:*&rows=30} hits=1 status=0 QTime=1 
